Start testing: Jun 14 07:28 UTC
----------------------------------------------------------
28/31 Testing: Ledis.protocol.test_resp_parser
28/31 Test: Ledis.protocol.test_resp_parser
Command: "/home/wangmaosen/copy_linux/third/KVStore/bin/Ledis/protocol/test_resp_parser"
Directory: /home/wangmaosen/copy_linux/third/KVStore/build-ledis/ledis
"Ledis.protocol.test_resp_parser" start time: Jun 14 07:28 UTC
Output:
----------------------------------------------------------
test_resp_parser: OK
<end of output>
Test time =   0.00 sec
----------------------------------------------------------
Test Passed.
"Ledis.protocol.test_resp_parser" end time: Jun 14 07:28 UTC
"Ledis.protocol.test_resp_parser" time elapsed: 00:00:00
----------------------------------------------------------

29/31 Testing: Ledis.protocol.test_resp_encoder
29/31 Test: Ledis.protocol.test_resp_encoder
Command: "/home/wangmaosen/copy_linux/third/KVStore/bin/Ledis/protocol/test_resp_encoder"
Directory: /home/wangmaosen/copy_linux/third/KVStore/build-ledis/ledis
"Ledis.protocol.test_resp_encoder" start time: Jun 14 07:28 UTC
Output:
----------------------------------------------------------
test_resp_encoder: OK
<end of output>
Test time =   0.00 sec
----------------------------------------------------------
Test Passed.
"Ledis.protocol.test_resp_encoder" end time: Jun 14 07:28 UTC
"Ledis.protocol.test_resp_encoder" time elapsed: 00:00:00
----------------------------------------------------------

30/31 Testing: Ledis.stream.test_ledis_stream
30/31 Test: Ledis.stream.test_ledis_stream
Command: "/home/wangmaosen/copy_linux/third/KVStore/bin/Ledis/stream/test_ledis_stream"
Directory: /home/wangmaosen/copy_linux/third/KVStore/build-ledis/ledis
"Ledis.stream.test_ledis_stream" start time: Jun 14 07:28 UTC
Output:
----------------------------------------------------------
test_ledis_stream: OK
<end of output>
Test time =   0.00 sec
----------------------------------------------------------
Test Passed.
"Ledis.stream.test_ledis_stream" end time: Jun 14 07:28 UTC
"Ledis.stream.test_ledis_stream" time elapsed: 00:00:00
----------------------------------------------------------

31/31 Testing: Ledis.session.test_session
31/31 Test: Ledis.session.test_session
Command: "/home/wangmaosen/copy_linux/third/KVStore/bin/Ledis/session/test_session"
Directory: /home/wangmaosen/copy_linux/third/KVStore/build-ledis/ledis
"Ledis.session.test_session" start time: Jun 14 07:28 UTC
Output:
----------------------------------------------------------
test_session: OK
<end of output>
Test time =   0.00 sec
----------------------------------------------------------
Test Passed.
"Ledis.session.test_session" end time: Jun 14 07:28 UTC
"Ledis.session.test_session" time elapsed: 00:00:00
----------------------------------------------------------

End testing: Jun 14 07:28 UTC
