Start testing: Jun 14 03:02 UTC
----------------------------------------------------------
22/41 Testing: lemo.io.test_iomanager
22/41 Test: lemo.io.test_iomanager
Command: "/home/wangmaosen/copy_linux/third/KVStore/bin/lemo/io/test_iomanager"
Directory: /home/wangmaosen/copy_linux/third/KVStore/build-lemo-test/lemo
"lemo.io.test_iomanager" start time: Jun 14 03:02 UTC
Output:
----------------------------------------------------------
CHECK failed: ctx->isInit() at /home/wangmaosen/copy_linux/third/KVStore/tests/lemo/io/test_iomanager.cc:329
<end of output>
Test time =   0.90 sec
----------------------------------------------------------
Test Failed.
"lemo.io.test_iomanager" end time: Jun 14 03:02 UTC
"lemo.io.test_iomanager" time elapsed: 00:00:00
----------------------------------------------------------

23/41 Testing: lemo.io.test_hook
23/41 Test: lemo.io.test_hook
Command: "/home/wangmaosen/copy_linux/third/KVStore/bin/lemo/io/test_hook"
Directory: /home/wangmaosen/copy_linux/third/KVStore/build-lemo-test/lemo
"lemo.io.test_hook" start time: Jun 14 03:02 UTC
Output:
----------------------------------------------------------
CHECK failed: wait_eq(done, 1, 5000) at /home/wangmaosen/copy_linux/third/KVStore/tests/lemo/io/test_hook.cc:257
<end of output>
Test time =   7.40 sec
----------------------------------------------------------
Test Failed.
"lemo.io.test_hook" end time: Jun 14 03:02 UTC
"lemo.io.test_hook" time elapsed: 00:00:07
----------------------------------------------------------

26/41 Testing: lemo.socket.test_echo_server
26/41 Test: lemo.socket.test_echo_server
Command: "/home/wangmaosen/copy_linux/third/KVStore/bin/lemo/socket/test_echo_server"
Directory: /home/wangmaosen/copy_linux/third/KVStore/build-lemo-test/lemo
"lemo.socket.test_echo_server" start time: Jun 14 03:02 UTC
Output:
----------------------------------------------------------
CHECK failed: wait_eq(done, 1, 5000) at /home/wangmaosen/copy_linux/third/KVStore/tests/lemo/socket/test_echo_server.cc:116
<end of output>
Test time =   5.36 sec
----------------------------------------------------------
Test Failed.
"lemo.socket.test_echo_server" end time: Jun 14 03:02 UTC
"lemo.socket.test_echo_server" time elapsed: 00:00:05
----------------------------------------------------------

End testing: Jun 14 03:02 UTC
