Start testing: Jun 14 12:53 UTC
----------------------------------------------------------
55/60 Testing: Ledis.integration.test_mvp
55/60 Test: Ledis.integration.test_mvp
Command: "/home/wangmaosen/copy_linux/third/KVStore/bin/Ledis/integration/test_mvp"
Directory: /home/wangmaosen/copy_linux/third/KVStore/build-nettycore/ledis
"Ledis.integration.test_mvp" start time: Jun 14 12:53 UTC
Output:
----------------------------------------------------------
test_mvp: OK
<end of output>
Test time =   0.00 sec
----------------------------------------------------------
Test Passed.
"Ledis.integration.test_mvp" end time: Jun 14 12:53 UTC
"Ledis.integration.test_mvp" time elapsed: 00:00:00
----------------------------------------------------------

57/60 Testing: Ledis.integration.test_async_tcp
57/60 Test: Ledis.integration.test_async_tcp
Command: "/home/wangmaosen/copy_linux/third/KVStore/bin/Ledis/integration/test_async_tcp"
Directory: /home/wangmaosen/copy_linux/third/KVStore/build-nettycore/ledis
"Ledis.integration.test_async_tcp" start time: Jun 14 12:53 UTC
Output:
----------------------------------------------------------
test_async_tcp: OK
<end of output>
Test time =   0.01 sec
----------------------------------------------------------
Test Passed.
"Ledis.integration.test_async_tcp" end time: Jun 14 12:53 UTC
"Ledis.integration.test_async_tcp" time elapsed: 00:00:00
----------------------------------------------------------

End testing: Jun 14 12:53 UTC
